E:\SP PROGRAMMING\TIN\DEBUG\TIN.EXE
E:\SP PROGRAMMING\TIN\DEBUG\TIN.ILK
E:\SP PROGRAMMING\TIN\DEBUG\TIN.PDB
E:\SP PROGRAMMING\TIN\TIN\DEBUG\STDAFX.OBJ
E:\SP PROGRAMMING\TIN\TIN\DEBUG\TIN.EXE.EMBED.MANIFEST
E:\SP PROGRAMMING\TIN\TIN\DEBUG\TIN.EXE.EMBED.MANIFEST.RES
E:\SP PROGRAMMING\TIN\TIN\DEBUG\TIN.EXE.INTERMEDIATE.MANIFEST
E:\SP PROGRAMMING\TIN\TIN\DEBUG\TIN.OBJ
E:\SP PROGRAMMING\TIN\TIN\DEBUG\TIN.PCH
E:\SP PROGRAMMING\TIN\TIN\DEBUG\VC100.PDB
E:\TIN\TIN\Debug\TIN.exe
E:\TIN\TIN\Debug\TIN.ilk
E:\TIN\TIN\Debug\TIN.pdb
E:\TIN\TIN\TIN\Debug\cl.command.1.tlog
E:\TIN\TIN\TIN\Debug\CL.read.1.tlog
E:\TIN\TIN\TIN\Debug\CL.write.1.tlog
E:\TIN\TIN\TIN\Debug\link.10328.read.1.tlog
E:\TIN\TIN\TIN\Debug\link.10328.write.1.tlog
E:\TIN\TIN\TIN\Debug\link.10328-cvtres.read.1.tlog
E:\TIN\TIN\TIN\Debug\link.10328-cvtres.write.1.tlog
E:\TIN\TIN\TIN\Debug\link.command.1.tlog
E:\TIN\TIN\TIN\Debug\link.read.1.tlog
E:\TIN\TIN\TIN\Debug\link.write.1.tlog
E:\TIN\TIN\TIN\Debug\link-cvtres.read.1.tlog
E:\TIN\TIN\TIN\Debug\link-cvtres.write.1.tlog
E:\TIN\TIN\TIN\Debug\mt.command.1.tlog
E:\TIN\TIN\TIN\Debug\mt.read.1.tlog
E:\TIN\TIN\TIN\Debug\mt.write.1.tlog
E:\TIN\TIN\TIN\Debug\rc.command.1.tlog
E:\TIN\TIN\TIN\Debug\rc.read.1.tlog
E:\TIN\TIN\TIN\Debug\rc.write.1.tlog
E:\TIN\TIN\TIN\Debug\stdafx.obj
E:\TIN\TIN\TIN\Debug\TIN.exe.embed.manifest
E:\TIN\TIN\TIN\Debug\TIN.exe.embed.manifest.res
E:\TIN\TIN\TIN\Debug\TIN.exe.intermediate.manifest
E:\TIN\TIN\TIN\Debug\TIN.obj
E:\TIN\TIN\TIN\Debug\TIN.pch
E:\TIN\TIN\TIN\Debug\TIN.write.1.tlog
E:\TIN\TIN\TIN\Debug\TIN_manifest.rc
E:\TIN\TIN\TIN\Debug\vc100.idb
E:\TIN\TIN\TIN\Debug\vc100.pdb
